<?xml version="1.0" encoding="UTF-8"?>
<testng-results ignored="0" total="1" passed="1" failed="0" skipped="0">
  <reporter-output>
  </reporter-output>
  <suite started-at="2024-07-23T12:54:13 IST" name="Default suite" finished-at="2024-07-23T12:54:14 IST" duration-ms="1950">
    <groups>
    </groups>
    <test started-at="2024-07-23T12:54:13 IST" name="Default test" finished-at="2024-07-23T12:54:14 IST" duration-ms="1950">
      <class name="FetchOTP.AppTest">
        <test-method signature="testExample()[pri:0, instance:FetchOTP.AppTest@43bc63a3]" started-at="2024-07-23T12:54:13 IST" name="testExample" finished-at="2024-07-23T12:54:14 IST" duration-ms="1898" status="PASS">
          <reporter-output>
          </reporter-output>
        </test-method> <!-- testExample -->
      </class> <!-- FetchOTP.AppTest -->
    </test> <!-- Default test -->
  </suite> <!-- Default suite -->
</testng-results>
